const uint16_t ikenai[] PROGMEM = {
    NOTE_GS4, 187,
    NOTE_CS5, 187,
    NOTE_E5, 187,
    NOTE_GS5, 187,
    NOTE_GS4, 187,
    NOTE_CS5, 187,
    NOTE_E5, 187,
    NOTE_GS5, 187,
    NOTE_GS4, 187,
    NOTE_C5, 187,
    NOTE_DS5, 187,
    NOTE_GS5, 187,
    NOTE_GS4, 187,
    NOTE_C5, 187,
    NOTE_DS5, 187,
    NOTE_FS5, 187,
    NOTE_GS4, 187,
    NOTE_CS5, 187,
    NOTE_E5, 187,
    NOTE_GS5, 187,
    NOTE_GS4, 187,
    NOTE_CS5, 187,
    NOTE_E5, 187,
    NOTE_GS5, 187,
    NOTE_GS4, 187,
    NOTE_C5, 187,
    NOTE_DS5, 187,
    NOTE_FS5, 187,
    NOTE_GS4, 187,
    NOTE_C5, 187,
    NOTE_DS5, 187,
    NOTE_FS5, 187,
    NOTE_GS4, 187,
    NOTE_CS5, 187,
    NOTE_E5, 187,
    NOTE_GS5, 187,
    NOTE_GS4, 187,
    NOTE_CS5, 187,
    NOTE_E5, 187,
    NOTE_GS5, 187,
    NOTE_GS4, 187,
    NOTE_C5, 187,
    NOTE_DS5, 187,
    NOTE_GS5, 187,
    NOTE_GS4, 187,
    NOTE_CS5, 187,
    NOTE_E5, 187,
    NOTE_GS5, 187,
    NOTE_GS4, 187,
    NOTE_CS5, 187,
    NOTE_E5, 187,
    NOTE_GS5, 187,
    NOTE_GS4, 187,
    NOTE_C5, 187,
    NOTE_DS5, 187,
    NOTE_FS5, 187,
    NOTE_GS4, 187,
    NOTE_GS4, 187,
    NOTE_GS4, 375,
    NOTE_FS5, 375,
    NOTE_CS5, 375,
    NOTE_CS5, 187,
    NOTE_CS5, 187,
    NOTE_CS5, 187,
    NOTE_C5, 187,
    NOTE_CS5, 375,
    NOTE_CS5, 375,
    NOTE_CS5, 187,
    NOTE_CS5, 187,
    NOTE_CS5, 187,
    NOTE_C5, 187,
    NOTE_CS5, 375,
    NOTE_CS5, 375,
    NOTE_CS5, 187,
    NOTE_B4, 187,
    NOTE_A4, 187,
    NOTE_CS5, 187,
    NOTE_CS5, 750,
    NOTE_FS5, 187,
    NOTE_FS5, 187,
    NOTE_FS5, 187,
    NOTE_FS5, 187,
    NOTE_A5, 375,
    NOTE_FS5, 187,
    NOTE_FS5, 187,
    NOTE_A5, 187,
    NOTE_FS5, 187,
    NOTE_REST, 187,
    NOTE_E5, 187,
    NOTE_REST, 187,
    NOTE_CS5, 187,
    NOTE_B4, 187,
    NOTE_A4, 187,
    NOTE_B4, 375,
    NOTE_A4, 187,
    NOTE_CS5, 187,
    NOTE_CS5, 1500,
    NOTE_REST, 937,
    NOTE_CS5, 187,
    NOTE_CS5, 187,
    NOTE_C5, 187,
    NOTE_CS5, 375,
    NOTE_CS5, 375,
    NOTE_CS5, 187,
    NOTE_CS5, 187,
    NOTE_CS5, 187,
    NOTE_C5, 187,
    NOTE_CS5, 375,
    NOTE_CS5, 375,
    NOTE_CS5, 187,
    NOTE_C5, 187,
    NOTE_CS5, 375,
    NOTE_CS5, 375,
    NOTE_CS5, 187,
    NOTE_B4, 187,
    NOTE_A4, 187,
    NOTE_CS5, 187,
    NOTE_CS5, 750,
    NOTE_REST, 187,
    NOTE_FS5, 187,
    NOTE_FS5, 187,
    NOTE_FS5, 187,
    NOTE_A5, 375,
    NOTE_FS5, 187,
    NOTE_REST, 187,
    NOTE_A5, 187,
    NOTE_FS5, 187,
    NOTE_REST, 187,
    NOTE_E5, 187,
    NOTE_REST, 187,
    NOTE_CS5, 187,
    NOTE_B4, 187,
    NOTE_A4, 187,
    NOTE_B4, 375,
    NOTE_A4, 187,
    NOTE_CS5, 187,
    NOTE_CS5, 1500,
    NOTE_REST, 937,
    NOTE_CS5, 187,
    NOTE_CS5, 187,
    NOTE_CS5, 187,
    NOTE_FS5, 375,
    NOTE_CS5, 375,
    NOTE_B4, 187,
    NOTE_A4, 187,
    NOTE_B4, 187,
    NOTE_A4, 187,
    NOTE_CS5, 750,
    NOTE_REST, 187,
    NOTE_CS5, 187,
    NOTE_CS5, 187,
    NOTE_CS5, 187,
    NOTE_FS5, 375,
    NOTE_CS5, 375,
    NOTE_B4, 187,
    NOTE_A4, 187,
    NOTE_B4, 187,
    NOTE_A4, 187,
    NOTE_CS5, 750,
    NOTE_REST, 187,
    NOTE_FS5, 187,
    NOTE_FS5, 187,
    NOTE_FS5, 187,
    NOTE_A5, 375,
    NOTE_FS5, 375,
    NOTE_E5, 187,
    NOTE_CS5, 187,
    NOTE_B4, 187,
    NOTE_A4, 187,
    NOTE_B4, 375,
    NOTE_B4, 187,
    NOTE_A4, 187,
    NOTE_B4, 187,
    NOTE_A4, 187,
    NOTE_B4, 187,
    NOTE_A4, 187,
    NOTE_CS5, 1500,
    NOTE_CS5, 187,
    NOTE_CS5, 187,
    NOTE_CS5, 187,
    NOTE_CS5, 187,
    NOTE_REST, 187,
    NOTE_CS5, 187,
    NOTE_CS5, 187,
    NOTE_CS5, 187,
    NOTE_FS5, 375,
    NOTE_CS5, 375,
    NOTE_B4, 187,
    NOTE_A4, 187,
    NOTE_B4, 187,
    NOTE_A4, 187,
    NOTE_CS5, 750,
    NOTE_REST, 187,
    NOTE_CS5, 187,
    NOTE_CS5, 187,
    NOTE_CS5, 187,
    NOTE_FS5, 375,
    NOTE_CS5, 375,
    NOTE_B4, 187,
    NOTE_A4, 187,
    NOTE_B4, 187,
    NOTE_A4, 187,
    NOTE_CS5, 750,
    NOTE_REST, 187,
    NOTE_FS5, 187,
    NOTE_FS5, 187,
    NOTE_FS5, 187,
    NOTE_A5, 375,
    NOTE_FS5, 375,
    NOTE_E5, 187,
    NOTE_CS5, 187,
    NOTE_B4, 187,
    NOTE_A4, 187,
    NOTE_B4, 375,
    NOTE_B4, 187,
    NOTE_A4, 187,
    NOTE_B4, 187,
    NOTE_A4, 187,
    NOTE_B4, 187,
    NOTE_A4, 187,
    NOTE_CS5, 1312,
    NOTE_FS5, 1687,
    NOTE_REST, 187,
    NOTE_FS5, 375,
    NOTE_FS5, 375,
    NOTE_FS5, 375,
    NOTE_FS5, 375,
    NOTE_FS5, 375,
    NOTE_FS5, 375,
    NOTE_FS5, 375,
    NOTE_FS5, 187,
    NOTE_FS5, 187,
    NOTE_FS5, 375,
    NOTE_FS5, 375,
    NOTE_FS5, 375,
    NOTE_FS5, 375,
    NOTE_FS5, 187,
    NOTE_FS5, 187,
    NOTE_FS5, 187,
    NOTE_FS5, 187,
    NOTE_E5, 187,
    NOTE_D5, 187,
    NOTE_REST, 187,
    NOTE_REST, 187,
    NOTE_E5, 375,
    NOTE_E5, 375,
    NOTE_E5, 375,
    NOTE_E5, 375,
    NOTE_E5, 375,
    NOTE_E5, 375,
    NOTE_FS5, 187,
    NOTE_E5, 187,
    NOTE_FS5, 187,
    NOTE_GS5, 375,
    NOTE_GS5, 187,
    NOTE_GS5, 375,
    NOTE_CS6, 187,
    NOTE_CS6, 187,
    NOTE_B5, 1687,
    NOTE_REST, 750,
    NOTE_FS5, 187,
    NOTE_FS5, 187,
    NOTE_GS5, 187,
    NOTE_FS5, 187,
    NOTE_A5, 1500,
    NOTE_A5, 187,
    NOTE_A5, 187,
    NOTE_A5, 187,
    NOTE_A5, 187,
    NOTE_B5, 187,
    NOTE_A5, 187,
    NOTE_A5, 187,
    NOTE_B5, 1687,
    NOTE_B5, 187,
    NOTE_B5, 187,
    NOTE_B5, 187,
    NOTE_B5, 187,
    NOTE_CS6, 375,
    NOTE_B5, 187,
    NOTE_A5, 375,
    NOTE_REST, 562,
    NOTE_A5, 187,
    NOTE_B5, 187,
    NOTE_CS6, 187,
    NOTE_A5, 187,
    NOTE_D6, 375,
    NOTE_CS6, 187,
    NOTE_B5, 375,
    NOTE_A5, 187,
    NOTE_CS6, 187,
    NOTE_CS6, 187,
    NOTE_B5, 1500,
    NOTE_REST, 750,
    NOTE_FS5, 187,
    NOTE_FS5, 187,
    NOTE_GS5, 187,
    NOTE_FS5, 187,
    NOTE_A5, 1500,
    NOTE_A5, 187,
    NOTE_A5, 187,
    NOTE_A5, 187,
    NOTE_A5, 187,
    NOTE_B5, 187,
    NOTE_A5, 187,
    NOTE_A5, 187,
    NOTE_B5, 1687,
    NOTE_B5, 281,
    NOTE_B5, 93,
    NOTE_B5, 187,
    NOTE_B5, 187,
    NOTE_CS6, 375,
    NOTE_B5, 187,
    NOTE_A5, 375,
    NOTE_REST, 562,
    NOTE_A5, 187,
    NOTE_B5, 187,
    NOTE_CS6, 187,
    NOTE_A5, 187,
    NOTE_D6, 375,
    NOTE_CS6, 187,
    NOTE_B5, 375,
    NOTE_A5, 187,
    NOTE_CS6, 187,
    NOTE_CS6, 187,
    NOTE_B5, 1312,
    NOTE_CS5, 187,
    NOTE_CS6, 562,
    NOTE_B5, 187,
    NOTE_A5, 187,
    NOTE_B5, 187,
    NOTE_A5, 375,
    NOTE_FS5, 187,
    NOTE_FS5, 1500,
    NOTE_REST, 1500,
    NOTE_CS5, 375,
    NOTE_CS5, 375,
    NOTE_CS5, 187,
    NOTE_CS5, 187,
    NOTE_CS5, 187,
    NOTE_C5, 187,
    NOTE_CS5, 375,
    NOTE_CS5, 375,
    NOTE_CS5, 187,
    NOTE_C5, 187,
    NOTE_CS5, 375,
    NOTE_CS5, 375,
    NOTE_CS5, 187,
    NOTE_B4, 187,
    NOTE_A4, 187,
    NOTE_CS5, 187,
    NOTE_CS5, 750,
    NOTE_REST, 187,
    NOTE_FS5, 187,
    NOTE_FS5, 187,
    NOTE_FS5, 187,
    NOTE_A5, 375,
    NOTE_FS5, 187,
    NOTE_REST, 187,
    NOTE_A5, 187,
    NOTE_FS5, 187,
    NOTE_REST, 187,
    NOTE_E5, 187,
    NOTE_REST, 187,
    NOTE_CS5, 187,
    NOTE_B4, 187,
    NOTE_A4, 187,
    NOTE_B4, 375,
    NOTE_A4, 187,
    NOTE_CS5, 187,
    NOTE_CS5, 1500,
    NOTE_CS5, 187,
    NOTE_CS5, 187,
    NOTE_CS5, 187,
    NOTE_CS5, 187,
    NOTE_REST, 187,
    NOTE_CS5, 187,
    NOTE_CS5, 187,
    NOTE_CS5, 187,
    NOTE_FS5, 375,
    NOTE_CS5, 375,
    NOTE_B4, 187,
    NOTE_A4, 187,
    NOTE_B4, 187,
    NOTE_A4, 187,
    NOTE_CS5, 750,
    NOTE_REST, 187,
    NOTE_CS5, 187,
    NOTE_CS5, 187,
    NOTE_CS5, 187,
    NOTE_FS5, 375,
    NOTE_CS5, 375,
    NOTE_B4, 187,
    NOTE_A4, 187,
    NOTE_B4, 187,
    NOTE_A4, 187,
    NOTE_CS5, 750,
    NOTE_REST, 187,
    NOTE_FS5, 187,
    NOTE_FS5, 187,
    NOTE_FS5, 187,
    NOTE_A5, 375,
    NOTE_FS5, 375,
    NOTE_E5, 187,
    NOTE_CS5, 187,
    NOTE_B4, 187,
    NOTE_A4, 187,
    NOTE_B4, 375,
    NOTE_B4, 187,
    NOTE_A4, 187,
    NOTE_B4, 187,
    NOTE_A4, 187,
    NOTE_B4, 187,
    NOTE_A4, 187,
    NOTE_CS5, 1500,
    NOTE_REST, 187,
    NOTE_CS5, 187,
    NOTE_CS5, 187,
    NOTE_CS5, 187,
    NOTE_FS5, 375,
    NOTE_CS5, 375,
    NOTE_B4, 187,
    NOTE_A4, 187,
    NOTE_B4, 187,
    NOTE_A4, 187,
    NOTE_CS5, 750,
    NOTE_REST, 187,
    NOTE_CS5, 187,
    NOTE_CS5, 187,
    NOTE_CS5, 187,
    NOTE_FS5, 375,
    NOTE_CS5, 375,
    NOTE_B4, 187,
    NOTE_A4, 187,
    NOTE_B4, 187,
    NOTE_A4, 187,
    NOTE_CS5, 750,
    NOTE_REST, 187,
    NOTE_FS5, 187,
    NOTE_FS5, 187,
    NOTE_FS5, 187,
    NOTE_A5, 375,
    NOTE_FS5, 375,
    NOTE_E5, 187,
    NOTE_CS5, 187,
    NOTE_B4, 187,
    NOTE_A4, 187,
    NOTE_B4, 375,
    NOTE_B4, 187,
    NOTE_A4, 187,
    NOTE_B4, 187,
    NOTE_A4, 187,
    NOTE_B4, 187,
    NOTE_A4, 187,
    NOTE_CS5, 1312,
    NOTE_FS5, 1687,
    NOTE_REST, 187,
    NOTE_FS5, 375,
    NOTE_FS5, 375,
    NOTE_FS5, 375,
    NOTE_FS5, 375,
    NOTE_FS5, 375,
    NOTE_FS5, 375,
    NOTE_FS5, 375,
    NOTE_FS5, 187,
    NOTE_FS5, 187,
    NOTE_FS5, 375,
    NOTE_FS5, 375,
    NOTE_FS5, 375,
    NOTE_FS5, 375,
    NOTE_FS5, 187,
    NOTE_FS5, 187,
    NOTE_FS5, 187,
    NOTE_FS5, 187,
    NOTE_E5, 187,
    NOTE_D5, 187,
    NOTE_REST, 187,
    NOTE_REST, 187,
    NOTE_E5, 375,
    NOTE_E5, 375,
    NOTE_E5, 375,
    NOTE_E5, 375,
    NOTE_E5, 375,
    NOTE_E5, 375,
    NOTE_FS5, 187,
    NOTE_E5, 187,
    NOTE_FS5, 187,
    NOTE_GS5, 375,
    NOTE_GS5, 187,
    NOTE_GS5, 375,
    NOTE_CS6, 187,
    NOTE_CS6, 187,
    NOTE_B5, 1687,
    NOTE_REST, 750,
    NOTE_FS5, 187,
    NOTE_FS5, 187,
    NOTE_GS5, 187,
    NOTE_FS5, 187,
    NOTE_A5, 1500,
    NOTE_A5, 187,
    NOTE_A5, 187,
    NOTE_A5, 187,
    NOTE_A5, 187,
    NOTE_B5, 187,
    NOTE_A5, 187,
    NOTE_A5, 187,
    NOTE_B5, 1687,
    NOTE_B5, 187,
    NOTE_B5, 187,
    NOTE_B5, 187,
    NOTE_B5, 187,
    NOTE_CS6, 375,
    NOTE_B5, 187,
    NOTE_A5, 375,
    NOTE_REST, 562,
    NOTE_A5, 187,
    NOTE_B5, 187,
    NOTE_CS6, 187,
    NOTE_A5, 187,
    NOTE_D6, 375,
    NOTE_CS6, 187,
    NOTE_B5, 375,
    NOTE_A5, 187,
    NOTE_CS6, 187,
    NOTE_CS6, 187,
    NOTE_B5, 1500,
    NOTE_REST, 750,
    NOTE_FS5, 187,
    NOTE_FS5, 187,
    NOTE_GS5, 187,
    NOTE_FS5, 187,
    NOTE_A5, 1500,
    NOTE_A5, 187,
    NOTE_A5, 187,
    NOTE_A5, 187,
    NOTE_A5, 187,
    NOTE_B5, 187,
    NOTE_A5, 187,
    NOTE_A5, 187,
    NOTE_B5, 1687,
    NOTE_B5, 281,
    NOTE_B5, 93,
    NOTE_B5, 187,
    NOTE_B5, 187,
    NOTE_CS6, 375,
    NOTE_B5, 187,
    NOTE_A5, 375,
    NOTE_REST, 562,
    NOTE_A5, 187,
    NOTE_B5, 187,
    NOTE_CS6, 187,
    NOTE_A5, 187,
    NOTE_D6, 375,
    NOTE_CS6, 187,
    NOTE_B5, 375,
    NOTE_A5, 187,
    NOTE_CS6, 187,
    NOTE_CS6, 187,
    NOTE_B5, 1312,
    NOTE_CS5, 187,
    NOTE_CS6, 562,
    NOTE_B5, 187,
    NOTE_A5, 187,
    NOTE_B5, 187,
    NOTE_A5, 375,
    NOTE_FS5, 187,
    NOTE_REST, 187,
    NOTE_FS4, 187,
    NOTE_REST, 187,
    NOTE_GS5, 187,
    NOTE_A4, 187,
    NOTE_GS4, 187,
    NOTE_FS4, 187,
    NOTE_GS4, 187,
    NOTE_REST, 187,
    NOTE_GS4, 187,
    NOTE_REST, 187,
    NOTE_A4, 187,
    NOTE_B4, 187,
    NOTE_A4, 187,
    NOTE_GS4, 187,
    NOTE_REST, 187,
    NOTE_REST, 187,
    NOTE_FS4, 187,
    NOTE_REST, 187,
    NOTE_GS5, 187,
    NOTE_A4, 187,
    NOTE_GS4, 187,
    NOTE_FS4, 187,
    NOTE_GS4, 187,
    NOTE_REST, 187,
    NOTE_GS4, 187,
    NOTE_REST, 187,
    NOTE_A4, 187,
    NOTE_B4, 187,
    NOTE_A4, 187,
    NOTE_GS4, 187,
    NOTE_REST, 187,
    NOTE_REST, 187,
    NOTE_A4, 187,
    NOTE_REST, 187,
    NOTE_B4, 187,
    NOTE_CS5, 187,
    NOTE_B4, 187,
    NOTE_A4, 187,
    NOTE_B4, 187,
    NOTE_REST, 187,
    NOTE_B4, 187,
    NOTE_REST, 187,
    NOTE_CS5, 187,
    NOTE_CS5, 375,
    NOTE_REST, 375,
    NOTE_CS4, 187,
    NOTE_CS4, 187,
    NOTE_CS4, 187,
    NOTE_E4, 187,
    NOTE_F4, 187,
    NOTE_GS4, 187,
    NOTE_B4, 187,
    NOTE_GS4, 187,
    NOTE_CS4, 187,
    NOTE_CS4, 187,
    NOTE_CS4, 187,
    NOTE_E4, 187,
    NOTE_F4, 187,
    NOTE_GS4, 187,
    NOTE_B4, 187,
    NOTE_GS4, 187,
    NOTE_CS5, 187,
    NOTE_CS5, 187,
    NOTE_CS5, 187,
    NOTE_E5, 187,
    NOTE_F5, 187,
    NOTE_GS5, 187,
    NOTE_B5, 187,
    NOTE_GS5, 187,
    NOTE_GS5, 93,
    NOTE_B5, 93,
    NOTE_A5, 93,
    NOTE_FS5, 93,
    NOTE_GS5, 93,
    NOTE_A5, 93,
    NOTE_B5, 93,
    NOTE_GS5, 93,
    NOTE_B5, 93,
    NOTE_CS6, 93,
    NOTE_D6, 93,
    NOTE_B5, 93,
    NOTE_D6, 93,
    NOTE_CS6, 93,
    NOTE_B5, 93,
    NOTE_CS6, 93,
    NOTE_CS6, 375,
    NOTE_REST, 375,
    NOTE_FS5, 187,
    NOTE_FS5, 187,
    NOTE_GS5, 187,
    NOTE_FS5, 187,
    NOTE_A5, 1500,
    NOTE_A5, 187,
    NOTE_A5, 187,
    NOTE_A5, 187,
    NOTE_A5, 187,
    NOTE_B5, 187,
    NOTE_A5, 187,
    NOTE_A5, 187,
    NOTE_B5, 1687,
    NOTE_B5, 187,
    NOTE_B5, 187,
    NOTE_B5, 187,
    NOTE_B5, 187,
    NOTE_CS6, 375,
    NOTE_B5, 187,
    NOTE_A5, 375,
    NOTE_REST, 562,
    NOTE_A5, 187,
    NOTE_B5, 187,
    NOTE_CS6, 187,
    NOTE_A5, 187,
    NOTE_D6, 375,
    NOTE_CS6, 187,
    NOTE_B5, 375,
    NOTE_A5, 187,
    NOTE_CS6, 187,
    NOTE_CS6, 187,
    NOTE_B5, 1500,
    NOTE_REST, 750,
    NOTE_FS5, 187,
    NOTE_FS5, 187,
    NOTE_GS5, 187,
    NOTE_FS5, 187,
    NOTE_A5, 1500,
    NOTE_A5, 187,
    NOTE_A5, 187,
    NOTE_A5, 187,
    NOTE_A5, 187,
    NOTE_B5, 187,
    NOTE_A5, 187,
    NOTE_A5, 187,
    NOTE_B5, 1687,
    NOTE_B5, 281,
    NOTE_B5, 93,
    NOTE_B5, 187,
    NOTE_B5, 187,
    NOTE_CS6, 375,
    NOTE_B5, 187,
    NOTE_A5, 375,
    NOTE_REST, 562,
    NOTE_A5, 187,
    NOTE_B5, 187,
    NOTE_CS6, 187,
    NOTE_A5, 187,
    NOTE_D6, 375,
    NOTE_CS6, 187,
    NOTE_B5, 375,
    NOTE_A5, 187,
    NOTE_CS6, 187,
    NOTE_CS6, 187,
    NOTE_B5, 1312,
    NOTE_CS5, 187,
    NOTE_CS6, 375,
    NOTE_B5, 187,
    NOTE_A5, 187,
    NOTE_B5, 187,
    NOTE_A5, 375,
    NOTE_FS5, 937,
    NOTE_REST, 562,
    NOTE_G5, 187,
    NOTE_REST, 187,
    NOTE_A5, 187,
    NOTE_AS5, 187,
    NOTE_C6, 187,
    NOTE_FS5, 187,
    NOTE_FS5, 187,
    NOTE_GS5, 187,
    NOTE_FS5, 187,
    NOTE_A5, 1500,
    NOTE_A5, 187,
    NOTE_A5, 187,
    NOTE_A5, 187,
    NOTE_A5, 187,
    NOTE_B5, 187,
    NOTE_A5, 187,
    NOTE_A5, 187,
    NOTE_B5, 1687,
    NOTE_B5, 187,
    NOTE_B5, 187,
    NOTE_B5, 187,
    NOTE_B5, 187,
    NOTE_CS6, 375,
    NOTE_B5, 187,
    NOTE_A5, 375,
    NOTE_REST, 562,
    NOTE_A5, 187,
    NOTE_B5, 187,
    NOTE_CS6, 187,
    NOTE_A5, 187,
    NOTE_D6, 375,
    NOTE_CS6, 187,
    NOTE_B5, 375,
    NOTE_A5, 187,
    NOTE_CS6, 187,
    NOTE_CS6, 187,
    NOTE_B5, 1500,
    NOTE_REST, 750,
    NOTE_FS5, 187,
    NOTE_FS5, 187,
    NOTE_GS5, 187,
    NOTE_FS5, 187,
    NOTE_A5, 1500,
    NOTE_A5, 187,
    NOTE_A5, 187,
    NOTE_A5, 187,
    NOTE_A5, 187,
    NOTE_B5, 187,
    NOTE_A5, 187,
    NOTE_A5, 187,
    NOTE_B5, 1687,
    NOTE_B5, 281,
    NOTE_B5, 93,
    NOTE_B5, 187,
    NOTE_B5, 187,
    NOTE_CS6, 375,
    NOTE_B5, 187,
    NOTE_A5, 375,
    NOTE_REST, 562,
    NOTE_A5, 187,
    NOTE_B5, 187,
    NOTE_CS6, 187,
    NOTE_A5, 187,
    NOTE_D6, 375,
    NOTE_CS6, 187,
    NOTE_B5, 375,
    NOTE_A5, 187,
    NOTE_CS6, 187,
    NOTE_CS6, 187,
    NOTE_B5, 1500,
    NOTE_CS5, 562,
    NOTE_E5, 187,
    NOTE_F5, 187,
    NOTE_GS5, 187,
    NOTE_B5, 187,
    NOTE_CS6, 187,
    NOTE_B5, 562,
    NOTE_A5, 937,
    NOTE_B5, 375,
    NOTE_A5, 187,
    NOTE_GS5, 375,
    NOTE_FS5, 187,
    NOTE_FS5, 375,
    NOTE_A5, 1500,
    NOTE_REST, 187,
    NOTE_GS5, 187,
    NOTE_REST, 187,
    NOTE_GS5, 187,
    NOTE_REST, 187,
    NOTE_GS5, 187,
    NOTE_GS5, 187,
    NOTE_GS5, 187,
    NOTE_B5, 562,
    NOTE_A5, 187,
    NOTE_A5, 750,
    NOTE_B5, 375,
    NOTE_A5, 187,
    NOTE_GS5, 375,
    NOTE_FS5, 187,
    NOTE_FS5, 1875,
    NOTE_REST, 187,
    NOTE_GS5, 187,
    NOTE_REST, 187,
    NOTE_GS5, 187,
    NOTE_REST, 187,
    NOTE_GS5, 187,
    NOTE_GS5, 187,
    NOTE_GS5, 187,
    NOTE_B5, 562,
    NOTE_A5, 937,
    NOTE_B5, 375,
    NOTE_A5, 187,
    NOTE_GS5, 375,
    NOTE_FS5, 187,
    NOTE_FS5, 375,
    NOTE_A5, 1500,
    NOTE_REST, 187,
    NOTE_GS5, 187,
    NOTE_REST, 187,
    NOTE_GS5, 187,
    NOTE_REST, 187,
    NOTE_GS5, 187,
    NOTE_GS5, 187,
    NOTE_GS5, 187,
    NOTE_B5, 562,
    NOTE_A5, 187,
    NOTE_A5, 750,
    NOTE_B5, 375,
    NOTE_A5, 187,
    NOTE_GS5, 375,
    NOTE_FS5, 187,
    NOTE_FS5, 1875,
    NOTE_REST, 187,
    NOTE_GS5, 187,
    NOTE_REST, 187,
    NOTE_GS5, 187,
    NOTE_REST, 187,
    NOTE_GS5, 187,
    NOTE_GS5, 187,
    NOTE_GS5, 187,
    NOTE_FS5, 375,
    NOTE_REST, 187,
    NOTE_FS5, 187,
    NOTE_REST, 750,
    TONES_END
};
